<?xml version="1.0" encoding="UTF-8"?>
<testng-results skipped="0" failed="0" ignored="0" total="1" passed="1">
  <reporter-output>
  </reporter-output>
  <suite name="Suite" duration-ms="13094" started-at="2017-04-11T04:04:30Z" finished-at="2017-04-11T04:04:43Z">
    <groups>
    </groups>
    <test name="Test" duration-ms="13094" started-at="2017-04-11T04:04:30Z" finished-at="2017-04-11T04:04:43Z">
      <class name="test.print">
        <test-method status="PASS" signature="launch()[pri:0, instance:test.print@6fffcba5]" name="launch" duration-ms="13057" started-at="2017-04-11T09:34:30Z" finished-at="2017-04-11T09:34:43Z">
          <reporter-output>
          </reporter-output>
        </test-method> <!-- launch -->
      </class> <!-- test.print -->
    </test> <!-- Test -->
  </suite> <!-- Suite -->
</testng-results>
